SF:/app/host_tests/src/lib.rs
FN:9,_RNvNtCs62G1mXAiyO8_10host_tests5testss_23test_seconds_since_2000
FN:28,_RNvNtCs62G1mXAiyO8_10host_tests5testss_39test_time_date_from_duration_since_2000
FNDA:1,_RNvNtCs62G1mXAiyO8_10host_tests5testss_23test_seconds_since_2000
FNDA:1,_RNvNtCs62G1mXAiyO8_10host_tests5testss_39test_time_date_from_duration_since_2000
FNF:2
FNH:2
DA:9,1
DA:11,1
DA:14,1
DA:24,1
DA:25,1
DA:28,1
DA:29,1
DA:30,1
DA:33,1
DA:34,1
DA:35,1
BRF:0
BRH:0
LF:11
LH:11
end_of_record
SF:src/utils.rs
FN:60,_RNvNtCs62G1mXAiyO8_10host_tests5utils19duration_since_2000
FN:26,_RNvNtCs62G1mXAiyO8_10host_tests5utils12is_leap_year
FN:30,_RNvNtCs62G1mXAiyO8_10host_tests5utils13days_in_month
FN:46,_RNvNtCs62G1mXAiyO8_10host_tests5utils18seconds_since_2000
FN:63,_RNvNtCs62G1mXAiyO8_10host_tests5utils34time_date_from_duration_since_2000
FNDA:0,_RNvNtCs62G1mXAiyO8_10host_tests5utils19duration_since_2000
FNDA:5,_RNvNtCs62G1mXAiyO8_10host_tests5utils12is_leap_year
FNDA:2,_RNvNtCs62G1mXAiyO8_10host_tests5utils13days_in_month
FNDA:3,_RNvNtCs62G1mXAiyO8_10host_tests5utils18seconds_since_2000
FNDA:2,_RNvNtCs62G1mXAiyO8_10host_tests5utils34time_date_from_duration_since_2000
FNF:5
FNH:4
DA:26,5
DA:27,5
DA:28,5
DA:30,2
DA:31,2
DA:32,2
DA:33,0
DA:35,0
DA:36,0
DA:38,0
DA:41,0
DA:43,2
DA:46,3
DA:47,3
DA:48,3
DA:49,1
DA:51,3
DA:52,0
DA:53,0
DA:56,3
DA:57,3
DA:58,3
DA:59,3
DA:60,0
DA:61,0
DA:62,0
DA:63,2
DA:64,2
DA:65,2
DA:66,2
DA:67,2
DA:73,3
DA:74,1
DA:75,1
DA:79,2
DA:80,0
DA:81,0
DA:82,0
DA:85,2
DA:86,2
DA:89,2
DA:90,2
DA:93,2
DA:94,2
DA:97,2
DA:99,2
DA:100,2
BRF:0
BRH:0
LF:47
LH:34
end_of_record